is empty = true
size = 613
Bag(( , 119) (,, 17) (-, 1) (., 1) (A, 1) (D, 1) (H, 1) (I, 1) (L, 1) (S, 1) (T, 1) (W, 1) (a, 27) (b, 5) (c, 7) (d, 13) (e, 69) (f, 19) (g, 13) (h, 27) (i, 44) (k, 2) (l, 11) (m, 5) (n, 22) (o, 44) (p, 10) (r, 27) (s, 41) (t, 47) (u, 5) (v, 5) (w, 20) (y, 4))
a occurs 27 times
e occurs 69 times
i occurs 44 times
o occurs 44 times
u occurs 5 times
Bag(( , 112) (,, 17) (-, 1) (., 1) (A, 1) (D, 1) (H, 1) (I, 1) (L, 1) (S, 1) (T, 1) (W, 1) (a, 22) (b, 5) (c, 3) (d, 12) (e, 66) (f, 19) (g, 12) (h, 26) (i, 43) (k, 1) (l, 11) (m, 4) (n, 21) (o, 43) (p, 10) (r, 27) (s, 41) (t, 47) (u, 1) (v, 4) (w, 20) (y, 3))
a occurs 22 times
e occurs 66 times
i occurs 43 times
o occurs 43 times
u occurs 1 times
Bag((A, 1) (D, 1) (H, 1) (I, 1) (L, 1) (S, 1) (T, 1) (W, 1) (a, 22) (b, 5) (c, 3) (d, 12) (e, 66) (f, 19) (g, 12) (h, 26) (i, 43) (k, 1) (l, 11) (m, 4) (n, 21) (o, 43) (p, 10) (r, 27) (s, 41) (t, 47) (u, 1) (v, 4) (w, 20) (y, 3))
a occurs 22 times
e occurs 66 times
i occurs 43 times
o occurs 43 times
u occurs 1 times
Bag((A, 1) (D, 1) (H, 1) (I, 1) (L, 1) (S, 1) (T, 1) (W, 1) (a, 22) (b, 5) (c, 3) (d, 12) (e, 66) (f, 19) (g, 12) (h, 26) (i, 43) (k, 1) (l, 11) (m, 4) (n, 21) (o, 43) (p, 10) (r, 27) (s, 41) (t, 47))
a occurs 22 times
e occurs 66 times
i occurs 43 times
o occurs 43 times
u occurs 0 times
a occurs 0 times
e occurs 0 times
i occurs 0 times
o occurs 0 times
u occurs 0 times
size = 247
is empty = false
